C51 COMPILER V9.60.0.0   MAIN                                                              06/14/2020 16:34:58 PAGE 1   


C51 COMPILER V9.60.0.0, COMPILATION OF MODULE MAIN
OBJECT MODULE PLACED IN .\Objects\main.obj
COMPILER INVOKED BY: C:\Keil_v5\C51\BIN\C51.EXE main.c OPTIMIZE(8,SPEED) BROWSE DEBUG OBJECTEXTEND PRINT(.\Listings\main
                    -.lst) TABS(2) OBJECT(.\Objects\main.obj)

line level    source

   1          #include <reg51.h>
   2          #include "i2c.h"
   3          #include "delay.h"
   4          #include "types.h"
   5          #include "RTC.h"
   6          #include "serial.h"
   7          #include "stdlib.h"
   8          sbit led = P2^2;
   9          
  10          void main()
  11          {
  12   1        
  13   1        u8 addr = 0x66;
  14   1        u8 data_c = 0;
  15   1        u8 byte_data = 45;
  16   1        u8 bcd_data  ;
  17   1        u8 name[10];
  18   1        u8 Date_1[3];
  19   1        u8 Time_1[3];
  20   1         init_UART();
  21   1        RTC_Set_Time(16,35,55);
  22   1        RTC_Set_Date(14,06,20);
  23   1        send_string("Time = \0");
  24   1        while(1)
  25   1        {
  26   2          led =0;
  27   2        RTC_Read_Time(Time_1);
  28   2        RTC_Read_Date(Date_1);
  29   2          send_string("Time = \0");
  30   2          Tx_int(Time_1[0]);
  31   2          Tx_CHAR(':');
  32   2          Tx_int(Time_1[1]);
  33   2          Tx_CHAR(':');
  34   2          Tx_int(Time_1[2]);
  35   2          Tx_CHAR(' ');
  36   2          send_string("Date = \0");
  37   2          Tx_int(Date_1[0]);
  38   2          Tx_CHAR('-');
  39   2          Tx_int(Date_1[1]);
  40   2          Tx_CHAR('-');
  41   2          Tx_int(Date_1[2]);
  42   2          Tx_CHAR('\r');
  43   2          Tx_CHAR('\n');
  44   2          delay_ms(400);
  45   2          led =1;
  46   2          delay_ms(400);
  47   2        }
  48   1      }
*** WARNING C280 IN LINE 16 OF main.c: 'bcd_data': unreferenced local variable
*** WARNING C280 IN LINE 17 OF main.c: 'name': unreferenced local variable


MODULE INFORMATION:   STATIC OVERLAYABLE
   CODE SIZE        =    173    ----
C51 COMPILER V9.60.0.0   MAIN                                                              06/14/2020 16:34:58 PAGE 2   

   CONSTANT SIZE    =     18    ----
   XDATA SIZE       =   ----    ----
   PDATA SIZE       =   ----    ----
   DATA SIZE        =   ----      20
   IDATA SIZE       =   ----    ----
   BIT SIZE         =   ----    ----
END OF MODULE INFORMATION.


C51 COMPILATION COMPLETE.  2 WARNING(S),  0 ERROR(S)
