C51 COMPILER V9.60.0.0   RTC                                                               06/14/2020 16:34:58 PAGE 1   


C51 COMPILER V9.60.0.0, COMPILATION OF MODULE RTC
OBJECT MODULE PLACED IN .\Objects\RTC.obj
COMPILER INVOKED BY: C:\Keil_v5\C51\BIN\C51.EXE RTC.c OPTIMIZE(8,SPEED) BROWSE DEBUG OBJECTEXTEND PRINT(.\Listings\RTC.l
                    -st) TABS(2) OBJECT(.\Objects\RTC.obj)

line level    source

   1          #include <reg51.h>
   2          #include "RTC.h"
   3          #include "types.h"
   4          #include "i2c.h"
   5          #define RTC_ADDR 0xD0
   6          u8 bcd_to_byte(u8 bcd)
   7          {
   8   1        u8 a,b;
   9   1        a = (bcd>>4);
  10   1        a  = a * 10;
  11   1        b = (bcd & 0x0F);
  12   1        return (a+b);
  13   1      }
  14          
  15          u8 byte_to_bcd(u8 byte)
  16          {
  17   1        u8 a,b;
  18   1        a = byte/10;
  19   1        b = byte%10;
  20   1        a = ((a << 4) +b);
  21   1        return a; 
  22   1      }
  23          
  24          
  25          void RTC_Set_Time(u8 hrs,u8 min,u8 sec)
  26          {
  27   1        u8 hr,m,s;
  28   1        
  29   1        hr = byte_to_bcd(hrs);
  30   1        m = byte_to_bcd(min);
  31   1        s = byte_to_bcd(sec);
  32   1        
  33   1        i2cDevWrite(RTC_ADDR,0x00,s);
  34   1        i2cDevWrite(RTC_ADDR,0x01,m);
  35   1        i2cDevWrite(RTC_ADDR,0x02,hr);
  36   1      }
  37          
  38          void RTC_Set_Date(u8 date,u8 month,u8 year)
  39          {
  40   1        u8 dt,mnth,yr;
  41   1        dt = byte_to_bcd(date);
  42   1        mnth = byte_to_bcd(month);
  43   1        yr = byte_to_bcd (year);
  44   1        
  45   1        i2cDevWrite(RTC_ADDR,0x04,dt);
  46   1        i2cDevWrite(RTC_ADDR,0x05,mnth);
  47   1        i2cDevWrite(RTC_ADDR,0x06,yr);
  48   1      }
  49          
  50          void RTC_Read_Time(u8 *Time)
  51          {
  52   1        u8 hr,min,sec;
  53   1        
  54   1        hr = i2cDevRead(RTC_ADDR,0x02);
C51 COMPILER V9.60.0.0   RTC                                                               06/14/2020 16:34:58 PAGE 2   

  55   1        min = i2cDevRead(RTC_ADDR,0x01);
  56   1        sec = i2cDevRead(RTC_ADDR,0x00);
  57   1        
  58   1        Time[0] = bcd_to_byte(hr);
  59   1        Time[1] = bcd_to_byte(min);
  60   1        Time[2] = bcd_to_byte(sec);
  61   1      }
  62          
  63          
  64          void RTC_Read_Date(u8 *Date)
  65          {
  66   1        u8 dt,mnth,yr;
  67   1        dt = i2cDevRead(RTC_ADDR,0x04);
  68   1        mnth = i2cDevRead(RTC_ADDR,0x05);
  69   1        yr = i2cDevRead(RTC_ADDR,0x06); 
  70   1        Date[0] = bcd_to_byte(dt);
  71   1        Date[1] = bcd_to_byte(mnth);
  72   1        Date[2] = bcd_to_byte(yr);
  73   1      }


MODULE INFORMATION:   STATIC OVERLAYABLE
   CODE SIZE        =    285    ----
   CONSTANT SIZE    =   ----    ----
   XDATA SIZE       =   ----    ----
   PDATA SIZE       =   ----    ----
   DATA SIZE        =   ----      14
   IDATA SIZE       =   ----    ----
   BIT SIZE         =   ----    ----
END OF MODULE INFORMATION.


C51 COMPILATION COMPLETE.  0 WARNING(S),  0 ERROR(S)
