C51 COMPILER V9.60.0.0   SERIAL                                                            06/14/2020 16:34:58 PAGE 1   


C51 COMPILER V9.60.0.0, COMPILATION OF MODULE SERIAL
OBJECT MODULE PLACED IN .\Objects\serial.obj
COMPILER INVOKED BY: C:\Keil_v5\C51\BIN\C51.EXE serial.c OPTIMIZE(8,SPEED) BROWSE DEBUG OBJECTEXTEND PRINT(.\Listings\se
                    -rial.lst) TABS(2) OBJECT(.\Objects\serial.obj)

line level    source

   1          #include <reg51.h>
   2          #include "i2c.h"
   3          #include "delay.h"
   4          #include "types.h"
   5          #include "RTC.h"
   6          
   7          
   8          
   9          void init_UART()
  10          {
  11   1        SCON = 0x50;
  12   1        TMOD = 0x20;
  13   1        TH1  = 0XFD;
  14   1        TR1  = 1;
  15   1        
  16   1      }
  17          
  18          void Tx_CHAR(char ch)
  19          {
  20   1        SBUF = ch;
  21   1        while(TI==0);
  22   1        TI=0;
  23   1      }
  24          
  25          char Rx_char()
  26          {
  27   1        char ci;
  28   1        
  29   1        while(RI==0);
  30   1        ci=SBUF;
  31   1        RI=0;
  32   1        return ci;
  33   1      }
  34          
  35          void send_string(char *ptr)
  36          {
  37   1        while(*ptr!='\0')
  38   1        {
  39   2          Tx_CHAR(*ptr);
  40   2          ptr++;
  41   2        } 
  42   1          
  43   1      }
  44          
  45          void Tx_int(int val)
  46          {
  47   1      char Tx_data[3];
  48   1        Tx_data[0] = (val/10) + 48;
  49   1        Tx_data[1] = (val%10) + 48;
  50   1        Tx_data[2] = '\0';
  51   1        send_string(Tx_data);
  52   1      }


C51 COMPILER V9.60.0.0   SERIAL                                                            06/14/2020 16:34:58 PAGE 2   

MODULE INFORMATION:   STATIC OVERLAYABLE
   CODE SIZE        =     90    ----
   CONSTANT SIZE    =   ----    ----
   XDATA SIZE       =   ----    ----
   PDATA SIZE       =   ----    ----
   DATA SIZE        =   ----       3
   IDATA SIZE       =   ----    ----
   BIT SIZE         =   ----    ----
END OF MODULE INFORMATION.


C51 COMPILATION COMPLETE.  0 WARNING(S),  0 ERROR(S)
